c:\users\veljk\onedrive\desktop\cs232\cs232-pz-veljkoarsic\debug\brickbreaker.pch
c:\users\veljk\onedrive\desktop\cs232\cs232-pz-veljkoarsic\debug\vc142.pdb
c:\users\veljk\onedrive\desktop\cs232\cs232-pz-veljkoarsic\debug\vc142.idb
c:\users\veljk\onedrive\desktop\cs232\cs232-pz-veljkoarsic\debug\stdafx.obj
c:\users\veljk\onedrive\desktop\cs232\cs232-pz-veljkoarsic\debug\sprite.obj
c:\users\veljk\onedrive\desktop\cs232\cs232-pz-veljkoarsic\debug\main.obj
c:\users\veljk\onedrive\desktop\cs232\cs232-pz-veljkoarsic\debug\input.obj
c:\users\veljk\onedrive\desktop\cs232\cs232-pz-veljkoarsic\debug\brickbreaker.exe
c:\users\veljk\onedrive\desktop\cs232\cs232-pz-veljkoarsic\debug\brickbreaker.ilk
c:\users\veljk\onedrive\desktop\cs232\cs232-pz-veljkoarsic\debug\brickbreaker.pdb
c:\users\veljk\onedrive\desktop\cs232\cs232-pz-veljkoarsic\debug\roboracer2d.obj
c:\users\veljk\onedrive\desktop\cs232\cs232-pz-veljkoarsic\debug\roboracer2d.ilk
c:\users\veljk\onedrive\desktop\cs232\cs232-pz-veljkoarsic\debug\roboracer2d.pch
c:\users\veljk\onedrive\desktop\cs232\cs232-pz-veljkoarsic\debug\roboracer2d.pdb
c:\users\veljk\onedrive\desktop\cs232\cs232-pz-veljkoarsic\debug\brickbreaker.tlog\cl.command.1.tlog
c:\users\veljk\onedrive\desktop\cs232\cs232-pz-veljkoarsic\debug\brickbreaker.tlog\cl.read.1.tlog
c:\users\veljk\onedrive\desktop\cs232\cs232-pz-veljkoarsic\debug\brickbreaker.tlog\cl.write.1.tlog
c:\users\veljk\onedrive\desktop\cs232\cs232-pz-veljkoarsic\debug\brickbreaker.tlog\link.command.1.tlog
c:\users\veljk\onedrive\desktop\cs232\cs232-pz-veljkoarsic\debug\brickbreaker.tlog\link.read.1.tlog
c:\users\veljk\onedrive\desktop\cs232\cs232-pz-veljkoarsic\debug\brickbreaker.tlog\link.write.1.tlog
